2026/05/11 11:09:10 BUY: AAPL, Amount: 80.00, Price: 123.47, Date: 2023-01-03 00:00:00 +0000 UTC
2026/05/11 11:09:10 dailyChange: 1.0188
2026/05/11 11:09:10 dailyChange: -1.0476
2026/05/11 11:09:10 dailyChange: 3.6344
2026/05/11 11:09:10 dailyChange: 0.4040
2026/05/11 11:09:10 dailyChange: 0.4404
2026/05/11 11:09:10 dailyChange: 2.0865
2026/05/11 11:09:10 dailyChange: -0.0593
2026/05/11 11:09:10 dailyChange: 1.0003
2026/05/11 11:09:10 dailyChange: 0.8657
2026/05/11 11:09:10 dailyChange: -0.5309
2026/05/11 11:09:10 dailyChange: 0.0439
2026/05/11 11:09:10 dailyChange: 1.9003
2026/05/11 11:09:10 dailyChange: 2.3239
2026/05/11 11:09:10 dailyChange: 0.9954
2026/05/11 11:09:10 dailyChange: -0.4650
2026/05/11 11:09:10 dailyChange: 1.4643
2026/05/11 11:09:10 dailyChange: 1.3538
2026/05/11 11:09:10 dailyChange: -1.9867
2026/05/11 11:09:10 dailyChange: 0.8924
2026/05/11 11:09:10 dailyChange: 0.7817
2026/05/11 11:09:10 dailyChange: 3.6672
2026/05/11 11:09:10 dailyChange: 0.0000
2026/05/11 11:09:10 dailyChange: 0.0000
2026/05/11 11:09:10 dailyChange: 0.0000
2026/05/11 11:09:10 dailyChange: 0.0000
2026/05/11 11:09:10 dailyChange: 0.0000
2026/05/11 11:09:10 dailyChange: 0.0000
2026/05/11 11:09:10 dailyChange: 0.0000
2026/05/11 11:09:10 dailyChange: 2.4152
2026/05/11 11:09:10 dailyChange: 0.0000
2026/05/11 11:09:10 dailyChange: 0.0000
2026/05/11 11:09:10 dailyChange: 0.0000
2026/05/11 11:09:10 dailyChange: -1.7751
2026/05/11 11:09:10 dailyChange: 1.9050
2026/05/11 11:09:10 dailyChange: -1.7478
2026/05/11 11:09:10 dailyChange: -0.6842
2026/05/11 11:09:10 dailyChange: 0.2431
2026/05/11 11:09:10 dailyChange: 1.8616
2026/05/11 11:09:10 dailyChange: -0.4183
2026/05/11 11:09:10 dailyChange: 1.3764
2026/05/11 11:09:10 dailyChange: -1.0327
2026/05/11 11:09:10 dailyChange: -0.7471
2026/05/11 11:09:10 dailyChange: -2.6412
2026/05/11 11:09:10 dailyChange: 0.2866
2026/05/11 11:09:10 dailyChange: 0.3257
2026/05/11 11:09:10 dailyChange: -1.7821
2026/05/11 11:09:10 dailyChange: 0.8162
2026/05/11 11:09:10 dailyChange: -0.3412
2026/05/11 11:09:10 dailyChange: -1.4098
2026/05/11 11:09:10 dailyChange: 0.4086
2026/05/11 11:09:10 dailyChange: 3.4722
2026/05/11 11:09:10 dailyChange: 1.8351
2026/05/11 11:09:10 dailyChange: -1.4352
2026/05/11 11:09:10 dailyChange: 0.8293
2026/05/11 11:09:10 dailyChange: -1.4765
2026/05/11 11:09:10 dailyChange: -1.3738
2026/05/11 11:09:10 dailyChange: 1.3129
2026/05/11 11:09:10 dailyChange: 1.3946
2026/05/11 11:09:10 dailyChange: 0.2595
2026/05/11 11:09:10 dailyChange: 1.8507
2026/05/11 11:09:10 dailyChange: -0.5400
2026/05/11 11:09:10 dailyChange: 1.5331
2026/05/11 11:09:10 dailyChange: 1.1828
2026/05/11 11:09:10 dailyChange: -0.9016
2026/05/11 11:09:10 dailyChange: 0.6902
2026/05/11 11:09:10 dailyChange: 0.8226
2026/05/11 11:09:10 dailyChange: -1.2176
2026/05/11 11:09:10 dailyChange: -0.3942
2026/05/11 11:09:10 dailyChange: 1.9598
2026/05/11 11:09:10 dailyChange: 0.9796
2026/05/11 11:09:10 dailyChange: 1.5497
2026/05/11 11:09:10 dailyChange: 0.7630
2026/05/11 11:09:10 dailyChange: -0.3220
2026/05/11 11:09:10 dailyChange: -1.1186
2026/05/11 11:09:10 dailyChange: 0.5444
2026/05/11 11:09:10 dailyChange: -1.5824
2026/05/11 11:09:10 dailyChange: -0.7519
2026/05/11 11:09:10 dailyChange: -0.4312
2026/05/11 11:09:10 dailyChange: 3.3777
2026/05/11 11:09:10 dailyChange: -0.2095
2026/05/11 11:09:10 dailyChange: 0.0120
2026/05/11 11:09:10 dailyChange: 0.7435
2026/05/11 11:09:10 dailyChange: 0.6904
2026/05/11 11:09:10 dailyChange: -0.5793
2026/05/11 11:09:10 dailyChange: -0.9691
2026/05/11 11:09:10 dailyChange: 0.1861
2026/05/11 11:09:10 dailyChange: -0.9348
2026/05/11 11:09:10 dailyChange: -0.0060
2026/05/11 11:09:10 dailyChange: 2.8130
2026/05/11 11:09:10 dailyChange: 0.7473
2026/05/11 11:09:10 dailyChange: -0.0526
2026/05/11 11:09:10 dailyChange: 0.0000
2026/05/11 11:09:10 dailyChange: 0.0000
2026/05/11 11:09:10 dailyChange: 0.0000
2026/05/11 11:09:10 dailyChange: 0.0000
2026/05/11 11:09:10 dailyChange: -0.6135
2026/05/11 11:09:10 dailyChange: -0.6408
2026/05/11 11:09:10 dailyChange: -0.9823
2026/05/11 11:09:10 dailyChange: 0.0000
2026/05/11 11:09:10 dailyChange: 0.0000
2026/05/11 11:09:10 dailyChange: 0.0000
2026/05/11 11:09:10 dailyChange: 0.0000
2026/05/11 11:09:10 dailyChange: 0.0000
2026/05/11 11:09:10 dailyChange: 0.0000
2026/05/11 11:09:10 dailyChange: 0.0000
2026/05/11 11:09:10 dailyChange: 0.0000
2026/05/11 11:09:10 dailyChange: 0.0000
2026/05/11 11:09:10 dailyChange: 0.0000
2026/05/11 11:09:10 dailyChange: 0.0000
2026/05/11 11:09:10 dailyChange: 0.0000
2026/05/11 11:09:10 dailyChange: 0.0000
2026/05/11 11:09:10 dailyChange: 0.0000
2026/05/11 11:09:10 dailyChange: 0.0000
2026/05/11 11:09:10 dailyChange: 0.0000
2026/05/11 11:09:10 dailyChange: 0.0000
2026/05/11 11:09:10 dailyChange: 0.0000
2026/05/11 11:09:10 dailyChange: 0.0000
2026/05/11 11:09:10 dailyChange: 0.0000
2026/05/11 11:09:10 dailyChange: 0.0000
2026/05/11 11:09:10 dailyChange: 0.0000
2026/05/11 11:09:10 dailyChange: 0.0000
2026/05/11 11:09:10 dailyChange: 0.0000
2026/05/11 11:09:10 dailyChange: 0.0000
2026/05/11 11:09:10 dailyChange: 0.0000
2026/05/11 11:09:10 dailyChange: 0.0000
2026/05/11 11:09:10 dailyChange: 0.0000
2026/05/11 11:09:10 dailyChange: 0.0000
2026/05/11 11:09:10 dailyChange: 0.0000
2026/05/11 11:09:10 dailyChange: 0.0000
2026/05/11 11:09:10 dailyChange: 0.0000
2026/05/11 11:09:10 dailyChange: 0.0000
2026/05/11 11:09:10 dailyChange: 0.0000
2026/05/11 11:09:10 dailyChange: 0.0000
2026/05/11 11:09:10 dailyChange: 0.0000
2026/05/11 11:09:10 dailyChange: 0.0000
2026/05/11 11:09:10 dailyChange: 0.0000
2026/05/11 11:09:10 dailyChange: 0.0000
2026/05/11 11:09:10 dailyChange: 0.0000
2026/05/11 11:09:10 dailyChange: 0.0000
2026/05/11 11:09:10 dailyChange: 0.0000
2026/05/11 11:09:10 dailyChange: 0.0000
2026/05/11 11:09:10 dailyChange: 0.0000
2026/05/11 11:09:10 dailyChange: 0.0000
2026/05/11 11:09:10 dailyChange: 0.0000
2026/05/11 11:09:10 dailyChange: 0.0000
2026/05/11 11:09:10 dailyChange: 0.0000
2026/05/11 11:09:10 dailyChange: 0.0000
2026/05/11 11:09:10 dailyChange: 0.0000
2026/05/11 11:09:10 dailyChange: 0.0000
2026/05/11 11:09:10 dailyChange: 0.0000
2026/05/11 11:09:10 dailyChange: 0.0000
2026/05/11 11:09:10 dailyChange: 0.0000
2026/05/11 11:09:10 dailyChange: 0.0000
2026/05/11 11:09:10 dailyChange: 0.0000
2026/05/11 11:09:10 dailyChange: 0.0000
2026/05/11 11:09:10 dailyChange: 0.0000
2026/05/11 11:09:10 dailyChange: 0.0000
2026/05/11 11:09:10 dailyChange: 0.0000
2026/05/11 11:09:10 dailyChange: 0.0000
2026/05/11 11:09:10 dailyChange: 0.0000
2026/05/11 11:09:10 dailyChange: 0.0000
2026/05/11 11:09:10 dailyChange: 0.0000
2026/05/11 11:09:10 dailyChange: 0.0000
2026/05/11 11:09:10 dailyChange: 0.0000
2026/05/11 11:09:10 dailyChange: 0.0000
2026/05/11 11:09:10 dailyChange: 0.0000
2026/05/11 11:09:10 dailyChange: 0.0000
2026/05/11 11:09:10 dailyChange: 0.0000
2026/05/11 11:09:10 dailyChange: 0.0000
2026/05/11 11:09:10 dailyChange: 0.0000
2026/05/11 11:09:10 dailyChange: 0.0000
2026/05/11 11:09:10 dailyChange: 0.0000
2026/05/11 11:09:10 dailyChange: 0.0000
2026/05/11 11:09:10 dailyChange: 0.0000
2026/05/11 11:09:10 dailyChange: 0.0000
2026/05/11 11:09:10 dailyChange: 0.0000
2026/05/11 11:09:10 dailyChange: 0.0000
2026/05/11 11:09:10 dailyChange: 0.0000
2026/05/11 11:09:10 dailyChange: 0.0000
2026/05/11 11:09:10 dailyChange: 0.0000
2026/05/11 11:09:10 dailyChange: 0.0000
2026/05/11 11:09:10 dailyChange: 0.0000
2026/05/11 11:09:10 dailyChange: 0.0000
2026/05/11 11:09:10 BUY: AAPL, Amount: 129.00, Price: 154.09, Date: 2023-03-16 00:00:00 +0000 UTC
2026/05/11 11:09:10 dailyChange: 0.0000
2026/05/11 11:09:10 dailyChange: -0.5421
2026/05/11 11:09:10 dailyChange: 0.0000
2026/05/11 11:09:10 dailyChange: 1.5389
2026/05/11 11:09:10 dailyChange: 4.6493
2026/05/11 11:09:10 dailyChange: -0.0400
2026/05/11 11:09:10 dailyChange: -0.9883
2026/05/11 11:09:10 dailyChange: 1.0328
2026/05/11 11:09:10 dailyChange: 0.0000
2026/05/11 11:09:10 dailyChange: 0.0000
2026/05/11 11:09:10 dailyChange: 0.0000
2026/05/11 11:09:10 dailyChange: 0.0000
2026/05/11 11:09:10 dailyChange: 0.0000
2026/05/11 11:09:10 dailyChange: 0.0000
2026/05/11 11:09:10 dailyChange: 0.0000
2026/05/11 11:09:10 dailyChange: 0.0000
2026/05/11 11:09:10 dailyChange: 0.0000
2026/05/11 11:09:10 dailyChange: 0.0000
2026/05/11 11:09:10 dailyChange: 0.0000
2026/05/11 11:09:10 dailyChange: 0.0000
2026/05/11 11:09:10 dailyChange: 0.0000
2026/05/11 11:09:10 dailyChange: 0.0000
2026/05/11 11:09:10 dailyChange: 0.0000
2026/05/11 11:09:10 dailyChange: 0.0000
2026/05/11 11:09:10 dailyChange: 0.0000
2026/05/11 11:09:10 dailyChange: 0.0000
2026/05/11 11:09:10 dailyChange: 0.0000
2026/05/11 11:09:10 dailyChange: 0.0000
2026/05/11 11:09:10 dailyChange: 0.0000
2026/05/11 11:09:10 dailyChange: 0.0000
2026/05/11 11:09:10 dailyChange: 0.0000
2026/05/11 11:09:10 dailyChange: 0.0000
2026/05/11 11:09:10 dailyChange: 0.0000
2026/05/11 11:09:10 dailyChange: 0.0000
2026/05/11 11:09:10 dailyChange: 0.0000
2026/05/11 11:09:10 dailyChange: 0.0000
2026/05/11 11:09:10 dailyChange: 0.0000
2026/05/11 11:09:10 dailyChange: 1.1872
2026/05/11 11:09:10 dailyChange: 0.0000
2026/05/11 11:09:10 dailyChange: 0.0000
2026/05/11 11:09:10 dailyChange: 0.1085
2026/05/11 11:09:10 dailyChange: -0.5370
2026/05/11 11:09:10 dailyChange: 0.0000
2026/05/11 11:09:10 dailyChange: -0.2872
2026/05/11 11:09:10 dailyChange: 0.0000
2026/05/11 11:09:10 dailyChange: 0.0000
2026/05/11 11:09:10 dailyChange: 0.3571
2026/05/11 11:09:10 dailyChange: 0.0000
2026/05/11 11:09:10 dailyChange: 1.3545
2026/05/11 11:09:10 dailyChange: 0.0623
2026/05/11 11:09:10 dailyChange: 0.0000
2026/05/11 11:09:10 dailyChange: -0.5433
2026/05/11 11:09:10 dailyChange: 0.0000
2026/05/11 11:09:10 dailyChange: -1.5022
2026/05/11 11:09:10 dailyChange: 0.1618
2026/05/11 11:09:10 dailyChange: 0.0000
2026/05/11 11:09:10 dailyChange: 0.6633
2026/05/11 11:09:10 dailyChange: 0.0000
2026/05/11 11:09:10 dailyChange: 1.3980
2026/05/11 11:09:10 dailyChange: 0.0000
2026/05/11 11:09:10 dailyChange: 1.0566
2026/05/11 11:09:10 dailyChange: 0.0000
2026/05/11 11:09:10 dailyChange: -0.0280
2026/05/11 11:09:10 dailyChange: 1.5884
2026/05/11 11:09:10 dailyChange: 0.0000
2026/05/11 11:09:10 dailyChange: 0.4735
2026/05/11 11:09:10 dailyChange: 0.0000
2026/05/11 11:09:10 dailyChange: -0.7507
2026/05/11 11:09:10 dailyChange: -0.2043
2026/05/11 11:09:10 dailyChange: 0.0000
2026/05/11 11:09:10 dailyChange: -0.7690
2026/05/11 11:09:10 dailyChange: 0.0000
2026/05/11 11:09:10 dailyChange: 1.5332
2026/05/11 11:09:10 dailyChange: 0.0000
2026/05/11 11:09:10 dailyChange: 0.2142
2026/05/11 11:09:10 dailyChange: 1.5506
2026/05/11 11:09:10 dailyChange: 0.0000
2026/05/11 11:09:10 dailyChange: -0.2590
2026/05/11 11:09:10 dailyChange: 0.0000
2026/05/11 11:09:10 dailyChange: 0.3462
2026/05/11 11:09:10 dailyChange: 0.0000
2026/05/11 11:09:10 dailyChange: 1.1105
2026/05/11 11:09:10 dailyChange: 0.0000
2026/05/11 11:09:10 dailyChange: -0.5812
2026/05/11 11:09:10 dailyChange: 0.0483
2026/05/11 11:09:10 dailyChange: 0.0000
2026/05/11 11:09:10 dailyChange: -0.5628
2026/05/11 11:09:10 dailyChange: 0.0000
2026/05/11 11:09:10 dailyChange: 1.6388
2026/05/11 11:09:10 dailyChange: 0.0000
2026/05/11 11:09:10 dailyChange: -0.1697
2026/05/11 11:09:10 dailyChange: -0.7491
2026/05/11 11:09:10 dailyChange: 0.0000
2026/05/11 11:09:10 dailyChange: 1.4935
2026/05/11 11:09:10 dailyChange: 0.6276
2026/05/11 11:09:10 dailyChange: -0.9049
2026/05/11 11:09:10 dailyChange: 0.6927
2026/05/11 11:09:10 dailyChange: 0.8256
2026/05/11 11:09:10 dailyChange: -1.2220
2026/05/11 11:09:10 dailyChange: -0.3956
2026/05/11 11:09:10 dailyChange: 1.9671
2026/05/11 11:09:10 dailyChange: 0.9831
2026/05/11 11:09:10 dailyChange: 1.5552
2026/05/11 11:09:10 dailyChange: 0.7657
2026/05/11 11:09:10 dailyChange: -0.3231
2026/05/11 11:09:10 dailyChange: -1.1225
2026/05/11 11:09:10 dailyChange: 0.5464
2026/05/11 11:09:10 dailyChange: -1.5880
2026/05/11 11:09:10 dailyChange: -0.7547
2026/05/11 11:09:10 dailyChange: -0.4327
2026/05/11 11:09:10 dailyChange: 3.3901
2026/05/11 11:09:10 dailyChange: 0.0000
2026/05/11 11:09:10 dailyChange: -0.2102
2026/05/11 11:09:10 dailyChange: 0.0120
2026/05/11 11:09:10 dailyChange: 0.7462
2026/05/11 11:09:10 dailyChange: 0.6928
2026/05/11 11:09:10 dailyChange: -0.5813
2026/05/11 11:09:10 dailyChange: -0.9725
2026/05/11 11:09:10 dailyChange: 0.1868
2026/05/11 11:09:10 dailyChange: -0.9381
2026/05/11 11:09:10 dailyChange: -0.0061
2026/05/11 11:09:10 dailyChange: 2.8230
2026/05/11 11:09:10 dailyChange: 0.7498
2026/05/11 11:09:10 dailyChange: -0.0527
2026/05/11 11:09:10 dailyChange: -0.6157
2026/05/11 11:09:10 dailyChange: -0.6431
2026/05/11 11:09:10 dailyChange: -0.9857
2026/05/11 11:09:10 dailyChange: 4.6657
2026/05/11 11:09:10 dailyChange: -0.0401
2026/05/11 11:09:10 dailyChange: -0.9917
2026/05/11 11:09:10 dailyChange: 1.0363
2026/05/11 11:09:10 dailyChange: 0.1089
2026/05/11 11:09:10 dailyChange: -0.5388
2026/05/11 11:09:10 dailyChange: -0.2881
2026/05/11 11:09:10 dailyChange: 0.0000
2026/05/11 11:09:10 dailyChange: 0.0000
2026/05/11 11:09:10 dailyChange: 0.0000
2026/05/11 11:09:10 dailyChange: 0.0000
2026/05/11 11:09:10 dailyChange: 0.0000
2026/05/11 11:09:10 dailyChange: 0.3583
2026/05/11 11:09:10 dailyChange: 1.3591
2026/05/11 11:09:10 dailyChange: 0.0625
2026/05/11 11:09:10 dailyChange: -0.5451
2026/05/11 11:09:10 dailyChange: -1.5072
2026/05/11 11:09:10 dailyChange: 0.1623
2026/05/11 11:09:10 dailyChange: 0.6655
2026/05/11 11:09:10 dailyChange: 1.4027
2026/05/11 11:09:10 dailyChange: 1.0602
2026/05/11 11:09:10 dailyChange: -0.0280
2026/05/11 11:09:10 dailyChange: 1.5937
2026/05/11 11:09:10 dailyChange: 0.4750
2026/05/11 11:09:10 dailyChange: -0.7531
2026/05/11 11:09:10 dailyChange: -0.2049
2026/05/11 11:09:10 dailyChange: -0.7715
2026/05/11 11:09:10 dailyChange: 1.5382
2026/05/11 11:09:10 dailyChange: 0.2148
2026/05/11 11:09:10 dailyChange: 1.5556
2026/05/11 11:09:10 dailyChange: -0.2598
2026/05/11 11:09:10 dailyChange: 0.3473
2026/05/11 11:09:10 dailyChange: 1.1141
2026/05/11 11:09:10 dailyChange: -0.5830
2026/05/11 11:09:10 dailyChange: 0.0000
2026/05/11 11:09:10 dailyChange: 0.0000
2026/05/11 11:09:10 dailyChange: 0.0484
2026/05/11 11:09:10 dailyChange: -0.5646
2026/05/11 11:09:10 dailyChange: 1.6440
2026/05/11 11:09:10 dailyChange: -0.1703
2026/05/11 11:09:10 dailyChange: -0.7514
2026/05/11 11:09:10 dailyChange: 1.4982
2026/05/11 11:09:10 dailyChange: 0.6296
2026/05/11 11:09:10 dailyChange: 0.1788
2026/05/11 11:09:10 dailyChange: 2.2987
2026/05/11 11:09:10 dailyChange: -0.7747
2026/05/11 11:09:10 dailyChange: -0.5842
2026/05/11 11:09:10 dailyChange: 0.2496
2026/05/11 11:09:10 dailyChange: -0.5862
2026/05/11 11:09:10 dailyChange: -1.0801
2026/05/11 11:09:10 dailyChange: -0.2796
2026/05/11 11:09:10 dailyChange: 0.8940
2026/05/11 11:09:10 dailyChange: 0.4037
2026/05/11 11:09:10 dailyChange: 0.0783
2026/05/11 11:09:10 dailyChange: 1.7219
2026/05/11 11:09:10 dailyChange: -0.1334
2026/05/11 11:09:10 dailyChange: 0.7037
2026/05/11 11:09:10 dailyChange: 0.0000
2026/05/11 11:09:10 dailyChange: -1.0048
2026/05/11 11:09:10 dailyChange: -0.6131
2026/05/11 11:09:10 dailyChange: 0.4199
2026/05/11 11:09:10 dailyChange: 0.4491
2026/05/11 11:09:10 dailyChange: 0.4523
2026/05/11 11:09:10 dailyChange: -0.6549
2026/05/11 11:09:10 dailyChange: 1.3441
2026/05/11 11:09:10 dailyChange: 0.3151
2026/05/11 11:09:10 dailyChange: -0.4255
2026/05/11 11:09:10 dailyChange: -1.5415
2026/05/11 11:09:10 dailyChange: -0.7286
2026/05/11 11:09:10 dailyChange: -4.7781
2026/05/11 11:09:10 dailyChange: 0.0000
2026/05/11 11:09:10 dailyChange: -1.7164
2026/05/11 11:09:10 dailyChange: 0.5283
2026/05/11 11:09:10 SELL: AAPL, Amount: 129.00, Price: 176.42, Date: 2023-08-09 00:00:00 +0000 UTC
2026/05/11 11:09:10 dailyChange: -0.8907
2026/05/11 11:09:10 dailyChange: 0.0000
2026/05/11 11:09:10 dailyChange: 0.0000
2026/05/11 11:09:10 dailyChange: 0.0000
2026/05/11 11:09:10 dailyChange: 0.0000
2026/05/11 11:09:10 dailyChange: 0.0000
2026/05/11 11:09:10 dailyChange: 0.0000
2026/05/11 11:09:10 dailyChange: 0.0000
2026/05/11 11:09:10 dailyChange: 0.0000
2026/05/11 11:09:10 dailyChange: 0.0000
2026/05/11 11:09:10 dailyChange: 0.0000
2026/05/11 11:09:10 dailyChange: 0.0000
2026/05/11 11:09:10 dailyChange: 0.0000
2026/05/11 11:09:10 dailyChange: 0.0000
2026/05/11 11:09:10 dailyChange: 0.0000
2026/05/11 11:09:10 dailyChange: 0.0000
2026/05/11 11:09:10 dailyChange: 0.0000
2026/05/11 11:09:10 dailyChange: 0.0000
2026/05/11 11:09:10 dailyChange: 0.0000
2026/05/11 11:09:10 dailyChange: 0.0000
2026/05/11 11:09:10 dailyChange: 0.0000
2026/05/11 11:09:10 BUY: AAPL, Amount: 129.00, Price: 176.04, Date: 2023-09-07 00:00:00 +0000 UTC
2026/05/11 11:09:10 dailyChange: 0.0000
2026/05/11 11:09:10 dailyChange: 0.0000
2026/05/11 11:09:10 dailyChange: 0.0000
2026/05/11 11:09:10 dailyChange: 0.3465
2026/05/11 11:09:10 dailyChange: 0.6573
2026/05/11 11:09:10 dailyChange: -1.6934
2026/05/11 11:09:10 dailyChange: -1.1765
2026/05/11 11:09:10 dailyChange: 0.8715
2026/05/11 11:09:10 dailyChange: -0.4122
2026/05/11 11:09:10 dailyChange: 1.6784
2026/05/11 11:09:10 SELL: AAPL, Amount: 129.00, Price: 177.53, Date: 2023-09-19 00:00:00 +0000 UTC
2026/05/11 11:09:10 dailyChange: 0.6134
2026/05/11 11:09:10 dailyChange: 0.0000
2026/05/11 11:09:10 dailyChange: 0.0000
2026/05/11 11:09:10 dailyChange: 0.0000
2026/05/11 11:09:10 dailyChange: 0.0000
2026/05/11 11:09:10 dailyChange: 0.0000
2026/05/11 11:09:10 dailyChange: 0.0000
2026/05/11 11:09:10 dailyChange: 0.0000
2026/05/11 11:09:10 dailyChange: 0.0000
2026/05/11 11:09:10 dailyChange: 0.0000
2026/05/11 11:09:10 dailyChange: 0.0000
2026/05/11 11:09:10 dailyChange: 0.0000
2026/05/11 11:09:10 dailyChange: 0.0000
2026/05/11 11:09:10 dailyChange: 0.0000
2026/05/11 11:09:10 dailyChange: 0.0000
2026/05/11 11:09:10 dailyChange: 0.0000
2026/05/11 11:09:10 dailyChange: 0.0000
2026/05/11 11:09:10 dailyChange: 0.0000
2026/05/11 11:09:10 dailyChange: 0.0000
2026/05/11 11:09:10 dailyChange: 0.0000
2026/05/11 11:09:10 dailyChange: 0.0000
2026/05/11 11:09:10 dailyChange: 0.0000
2026/05/11 11:09:10 dailyChange: 0.0000
2026/05/11 11:09:10 dailyChange: 0.0000
2026/05/11 11:09:10 dailyChange: 0.0000
2026/05/11 11:09:10 BUY: AAPL, Amount: 131.00, Price: 175.63, Date: 2023-10-17 00:00:00 +0000 UTC
2026/05/11 11:09:10 dailyChange: 0.0000
2026/05/11 11:09:10 dailyChange: -0.7374
2026/05/11 11:09:10 dailyChange: -0.2155
2026/05/11 11:09:10 dailyChange: -1.4661
2026/05/11 11:09:10 dailyChange: 0.0692
2026/05/11 11:09:10 dailyChange: 0.2536
2026/05/11 11:09:10 dailyChange: -1.3452
2026/05/11 11:09:10 dailyChange: -2.4532
2026/05/11 11:09:10 SELL: AAPL, Amount: 131.00, Price: 166.78, Date: 2023-10-27 00:00:00 +0000 UTC
2026/05/11 11:09:10 dailyChange: 0.7945
2026/05/11 11:09:10 dailyChange: 0.0000
2026/05/11 11:09:10 dailyChange: 0.0000
2026/05/11 11:09:10 dailyChange: 0.0000
2026/05/11 11:09:10 dailyChange: 0.0000
2026/05/11 11:09:10 dailyChange: 0.0000
2026/05/11 11:09:10 dailyChange: 0.0000
2026/05/11 11:09:10 dailyChange: 0.0000
2026/05/11 11:09:10 dailyChange: 0.0000
2026/05/11 11:09:10 dailyChange: 0.0000
2026/05/11 11:09:10 dailyChange: 0.0000
2026/05/11 11:09:10 dailyChange: 0.0000
2026/05/11 11:09:10 BUY: AAPL, Amount: 118.00, Price: 185.04, Date: 2023-11-10 00:00:00 +0000 UTC
2026/05/11 11:09:10 dailyChange: 0.0000
2026/05/11 11:09:10 dailyChange: -0.8553
2026/05/11 11:09:10 dailyChange: 1.4234
2026/05/11 11:09:10 dailyChange: 0.3030
2026/05/11 11:09:10 dailyChange: 0.9010
2026/05/11 11:09:10 dailyChange: -0.0105
2026/05/11 11:09:10 dailyChange: 0.9246
2026/05/11 11:09:10 dailyChange: -0.4216
2026/05/11 11:09:10 dailyChange: 0.3502
2026/05/11 11:09:10 dailyChange: -0.6980
2026/05/11 11:09:10 dailyChange: -0.0944
2026/05/11 11:09:10 dailyChange: 0.3203
2026/05/11 11:09:10 dailyChange: -0.5391
2026/05/11 11:09:10 dailyChange: 0.3052
2026/05/11 11:09:10 dailyChange: 0.6767
2026/05/11 11:09:10 dailyChange: -0.9431
2026/05/11 11:09:10 dailyChange: 2.0989
2026/05/11 11:09:10 dailyChange: -0.5667
2026/05/11 11:09:10 dailyChange: 0.0000
2026/05/11 11:09:10 dailyChange: 1.0104
2026/05/11 11:09:10 dailyChange: 0.0000
2026/05/11 11:09:10 dailyChange: 0.0000
2026/05/11 11:09:10 dailyChange: 0.7387
2026/05/11 11:09:10 dailyChange: -1.2883
2026/05/11 11:09:10 dailyChange: 0.7893
2026/05/11 11:09:10 dailyChange: 1.6634
2026/05/11 11:09:10 dailyChange: 0.0755
2026/05/11 11:09:10 dailyChange: -0.2716
2026/05/11 11:09:10 dailyChange: -0.8474
2026/05/11 11:09:10 dailyChange: 0.5342
2026/05/11 11:09:10 dailyChange: -1.0677
2026/05/11 11:09:10 dailyChange: -0.0767
2026/05/11 11:09:10 dailyChange: -0.5529
2026/05/11 11:09:10 dailyChange: -0.2831
2026/05/11 11:09:10 dailyChange: 0.0516
2026/05/11 11:09:10 dailyChange: 0.2218
2026/05/11 11:09:10 dailyChange: -0.5405
2026/05/11 11:09:10 dailyChange: 0.0000
2026/05/11 11:09:10 dailyChange: 0.0000
2026/05/11 11:09:10 dailyChange: 0.0000
2026/05/11 11:09:10 dailyChange: 0.0000
2026/05/11 11:09:10 dailyChange: 0.0000
2026/05/11 11:09:10 dailyChange: 0.0000
2026/05/11 11:09:10 dailyChange: 0.0000
2026/05/11 11:09:10 dailyChange: 0.0000
2026/05/11 11:09:10 dailyChange: 0.0000
2026/05/11 11:09:10 dailyChange: 0.0000
2026/05/11 11:09:10 dailyChange: 0.0000
2026/05/11 11:09:10 dailyChange: 0.0000
2026/05/11 11:09:10 dailyChange: 0.0000
2026/05/11 11:09:10 dailyChange: 0.0000
2026/05/11 11:09:10 dailyChange: 0.0000
2026/05/11 11:09:10 dailyChange: 0.0000
2026/05/11 11:09:10 dailyChange: 0.0000
2026/05/11 11:09:10 dailyChange: 0.0000
2026/05/11 11:09:10 dailyChange: 0.0000
2026/05/11 11:09:10 dailyChange: 0.0000
2026/05/11 11:09:10 dailyChange: 0.0000
2026/05/11 11:09:10 dailyChange: 0.0000
2026/05/11 11:09:10 dailyChange: 0.0000
2026/05/11 11:09:10 dailyChange: 0.0000
2026/05/11 11:09:10 dailyChange: 0.0000
2026/05/11 11:09:10 dailyChange: 0.0000
2026/05/11 11:09:10 dailyChange: 0.0000
2026/05/11 11:09:10 dailyChange: 0.0000
2026/05/11 11:09:10 dailyChange: 0.0000
2026/05/11 11:09:10 dailyChange: 0.0000
2026/05/11 11:09:10 dailyChange: 0.0000
2026/05/11 11:09:10 dailyChange: 0.0000
2026/05/11 11:09:10 dailyChange: 0.0000
2026/05/11 11:09:10 dailyChange: 0.0000
2026/05/11 11:09:10 dailyChange: 0.0000
2026/05/11 11:09:10 dailyChange: 0.0000
2026/05/11 11:09:10 dailyChange: 0.0000
2026/05/11 11:09:10 dailyChange: 0.0000
2026/05/11 11:09:10 dailyChange: 0.0000
2026/05/11 11:09:10 dailyChange: 0.0000
2026/05/11 11:09:10 dailyChange: 0.0000
2026/05/11 11:09:10 dailyChange: 0.0000
2026/05/11 11:09:10 dailyChange: 0.1782
2026/05/11 11:09:10 dailyChange: 0.0000
2026/05/11 11:09:10 dailyChange: 0.0000
2026/05/11 11:09:10 dailyChange: 0.0000
2026/05/11 11:09:10 dailyChange: 0.0000
2026/05/11 11:09:10 dailyChange: 2.2916
2026/05/11 11:09:10 dailyChange: -0.7723
2026/05/11 11:09:10 dailyChange: -0.5825
2026/05/11 11:09:10 dailyChange: 0.2489
2026/05/11 11:09:10 dailyChange: 0.0000
2026/05/11 11:09:10 dailyChange: -0.5844
2026/05/11 11:09:10 dailyChange: -1.0768
2026/05/11 11:09:10 dailyChange: 0.0000
2026/05/11 11:09:10 dailyChange: 0.0000
2026/05/11 11:09:10 dailyChange: 0.0000
2026/05/11 11:09:10 dailyChange: -0.2787
2026/05/11 11:09:10 dailyChange: 0.8912
2026/05/11 11:09:10 dailyChange: 0.4025
2026/05/11 11:09:10 dailyChange: 0.0781
2026/05/11 11:09:10 dailyChange: 0.0000
2026/05/11 11:09:10 dailyChange: 1.7166
2026/05/11 11:09:10 dailyChange: -0.1330
2026/05/11 11:09:10 dailyChange: 0.7016
2026/05/11 11:09:10 dailyChange: -1.0018
2026/05/11 11:09:10 dailyChange: -0.6113
2026/05/11 11:09:10 dailyChange: 0.4186
2026/05/11 11:09:10 dailyChange: 0.4478
2026/05/11 11:09:10 dailyChange: 0.4509
2026/05/11 11:09:10 BUY: NVDA, Amount: 344.00, Price: 43.50, Date: 2023-09-19 00:00:00 +0000 UTC
2026/05/11 11:09:10 dailyChange: 0.0000
2026/05/11 11:09:10 dailyChange: -0.6529
2026/05/11 11:09:10 dailyChange: 1.3401
2026/05/11 11:09:10 dailyChange: 0.3141
2026/05/11 11:09:10 dailyChange: -2.9362
2026/05/11 11:09:10 dailyChange: -0.4242
2026/05/11 11:09:10 dailyChange: -2.8857
2026/05/11 11:09:10 dailyChange: -1.5369
2026/05/11 11:09:10 dailyChange: -0.7263
2026/05/11 11:09:10 dailyChange: 1.4420
2026/05/11 11:09:10 dailyChange: -4.7635
2026/05/11 11:09:10 dailyChange: -1.7109
2026/05/11 11:09:10 dailyChange: 1.4670
2026/05/11 11:09:10 dailyChange: 0.5266
2026/05/11 11:09:10 dailyChange: -0.8878
2026/05/11 11:09:10 dailyChange: -0.7347
2026/05/11 11:09:10 dailyChange: -0.1224
2026/05/11 11:09:10 dailyChange: 0.0335
2026/05/11 11:09:10 dailyChange: 1.3256
2026/05/11 11:09:10 dailyChange: 0.9312
2026/05/11 11:09:10 dailyChange: -1.1105
2026/05/11 11:09:10 dailyChange: -0.4916
2026/05/11 11:09:10 dailyChange: 1.4586
2026/05/11 11:09:10 dailyChange: -1.4429
2026/05/11 11:09:10 dailyChange: 0.2791
2026/05/11 11:09:10 dailyChange: 0.7669
2026/05/11 11:09:10 dailyChange: 0.9492
2026/05/11 11:09:10 dailyChange: 0.7836
2026/05/11 11:09:10 dailyChange: 2.1759
2026/05/11 11:09:10 dailyChange: 2.9422
2026/05/11 11:09:10 dailyChange: -2.5949
2026/05/11 11:09:10 dailyChange: 1.2534
2026/05/11 11:09:10 dailyChange: -2.8180
2026/05/11 11:09:10 dailyChange: 0.8770
2026/05/11 11:09:10 dailyChange: 2.1625
2026/05/11 11:09:10 dailyChange: 1.2012
2026/05/11 11:09:10 dailyChange: 1.9013
2026/05/11 11:09:10 dailyChange: 0.1163
2026/05/11 11:09:10 dailyChange: 1.4655
2026/05/11 11:09:10 dailyChange: 0.8394
2026/05/11 11:09:10 dailyChange: 0.1257
2026/05/11 11:09:10 dailyChange: 2.3975
2026/05/11 11:09:10 dailyChange: -3.5505
2026/05/11 11:09:10 dailyChange: -2.9005
2026/05/11 11:09:10 dailyChange: 0.3462
2026/05/11 11:09:10 dailyChange: -1.0661
2026/05/11 11:09:10 dailyChange: 0.6566
2026/05/11 11:09:10 dailyChange: -1.6915
2026/05/11 11:09:10 dailyChange: 1.1569
2026/05/11 11:09:10 dailyChange: -1.1752
2026/05/11 11:09:10 dailyChange: 0.8705
2026/05/11 11:09:10 SELL: NVDA, Amount: 344.00, Price: 46.78, Date: 2023-10-11 00:00:00 +0000 UTC
2026/05/11 11:09:10 dailyChange: 2.1958
2026/05/11 11:09:10 dailyChange: -0.4118
2026/05/11 11:09:10 dailyChange: 1.6766
2026/05/11 11:09:10 dailyChange: 0.6128
2026/05/11 11:09:10 dailyChange: 0.0000
2026/05/11 11:09:10 dailyChange: 0.0000
2026/05/11 11:09:10 dailyChange: -1.9821
2026/05/11 11:09:10 dailyChange: -0.8812
2026/05/11 11:09:10 dailyChange: 0.4901
2026/05/11 11:09:10 dailyChange: 0.0000
2026/05/11 11:09:10 dailyChange: 0.0000
2026/05/11 11:09:10 dailyChange: 0.0000
2026/05/11 11:09:10 dailyChange: 0.0000
2026/05/11 11:09:10 dailyChange: 0.7316
2026/05/11 11:09:10 dailyChange: -2.3195
2026/05/11 11:09:10 dailyChange: -0.8819
2026/05/11 11:09:10 dailyChange: 0.0000
2026/05/11 11:09:10 dailyChange: 0.0000
2026/05/11 11:09:10 dailyChange: 0.0000
2026/05/11 11:09:10 dailyChange: 0.1512
2026/05/11 11:09:10 dailyChange: 0.3019
2026/05/11 11:09:10 dailyChange: 1.4703
2026/05/11 11:09:10 dailyChange: 0.0000
2026/05/11 11:09:10 dailyChange: 0.0000
2026/05/11 11:09:10 dailyChange: -0.7701
2026/05/11 11:09:10 dailyChange: 0.7244
2026/05/11 11:09:10 dailyChange: 0.7135
2026/05/11 11:09:10 dailyChange: 0.0000
2026/05/11 11:09:10 dailyChange: 0.0000
2026/05/11 11:09:10 dailyChange: 1.4621
2026/05/11 11:09:10 BUY: NVDA, Amount: 395.00, Price: 40.76, Date: 2023-10-31 00:00:00 +0000 UTC
2026/05/11 11:09:10 dailyChange: 0.0000
2026/05/11 11:09:10 dailyChange: 0.8378
2026/05/11 11:09:10 dailyChange: -0.3324
2026/05/11 11:09:10 dailyChange: 0.7836
2026/05/11 11:09:10 dailyChange: 3.7815
2026/05/11 11:09:10 dailyChange: 0.5018
2026/05/11 11:09:10 dailyChange: -1.0206
2026/05/11 11:09:10 dailyChange: 2.7852
2026/05/11 11:09:10 dailyChange: -0.0721
2026/05/11 11:09:10 dailyChange: -0.8710
2026/05/11 11:09:10 dailyChange: -0.7331
2026/05/11 11:09:10 dailyChange: -0.2142
2026/05/11 11:09:10 dailyChange: 3.4394
2026/05/11 11:09:10 dailyChange: -1.4576
2026/05/11 11:09:10 dailyChange: 0.0688
2026/05/11 11:09:10 dailyChange: 1.6548
2026/05/11 11:09:10 dailyChange: 0.2521
2026/05/11 11:09:10 dailyChange: -1.3373
2026/05/11 11:09:10 dailyChange: 0.4451
2026/05/11 11:09:10 dailyChange: -2.4386
2026/05/11 11:09:10 dailyChange: 0.7896
2026/05/11 11:09:10 dailyChange: 1.2193
2026/05/11 11:09:10 dailyChange: 1.3447
2026/05/11 11:09:10 dailyChange: 0.2793
2026/05/11 11:09:10 dailyChange: 1.8571
2026/05/11 11:09:10 dailyChange: 2.0512
2026/05/11 11:09:10 SELL: NVDA, Amount: 395.00, Price: 46.92, Date: 2023-11-09 00:00:00 +0000 UTC
2026/05/11 11:09:10 dailyChange: 0.8060
2026/05/11 11:09:10 dailyChange: 0.0000
2026/05/11 11:09:10 dailyChange: 0.0000
2026/05/11 11:09:10 dailyChange: -0.5137
2026/05/11 11:09:10 dailyChange: 1.4479
2026/05/11 11:09:10 dailyChange: 1.4327
2026/05/11 11:09:10 dailyChange: 0.0000
2026/05/11 11:09:10 dailyChange: 0.0000
2026/05/11 11:09:10 dailyChange: 0.5835
2026/05/11 11:09:10 dailyChange: -0.2602
2026/05/11 11:09:10 dailyChange: 2.3025
2026/05/11 11:09:10 dailyChange: -0.8513
2026/05/11 11:09:10 dailyChange: 0.0000
2026/05/11 11:09:10 dailyChange: 0.0000
2026/05/11 11:09:10 dailyChange: 0.0000
2026/05/11 11:09:10 dailyChange: 1.4168
2026/05/11 11:09:10 dailyChange: 0.3016
2026/05/11 11:09:10 dailyChange: 0.8969
2026/05/11 11:09:10 dailyChange: -0.0105
2026/05/11 11:09:10 dailyChange: 0.0000
2026/05/11 11:09:10 dailyChange: 0.0000
2026/05/11 11:09:10 dailyChange: 0.9204
2026/05/11 11:09:10 dailyChange: -0.4197
2026/05/11 11:09:10 dailyChange: 0.3486
2026/05/11 11:09:10 dailyChange: 0.0000
2026/05/11 11:09:10 dailyChange: 0.0000
2026/05/11 11:09:10 dailyChange: 0.0000
2026/05/11 11:09:10 dailyChange: -0.6948
2026/05/11 11:09:10 dailyChange: -0.0940
2026/05/11 11:09:10 dailyChange: 0.3188
2026/05/11 11:09:10 dailyChange: -0.5366
2026/05/11 11:09:10 dailyChange: 0.0000
2026/05/11 11:09:10 dailyChange: 0.3038
2026/05/11 11:09:10 dailyChange: 0.6737
2026/05/11 11:09:10 dailyChange: -0.9389
2026/05/11 11:09:10 dailyChange: 2.0893
2026/05/11 11:09:10 dailyChange: 0.0000
2026/05/11 11:09:10 dailyChange: -0.5642
2026/05/11 11:09:10 dailyChange: 1.0059
2026/05/11 11:09:10 dailyChange: 0.7354
2026/05/11 11:09:10 dailyChange: 0.0000
2026/05/11 11:09:10 dailyChange: 0.0000
2026/05/11 11:09:10 dailyChange: 0.0000
2026/05/11 11:09:10 dailyChange: -1.2826
2026/05/11 11:09:10 dailyChange: 0.7857
2026/05/11 11:09:10 dailyChange: 1.6560
2026/05/11 11:09:10 dailyChange: 0.0000
2026/05/11 11:09:10 dailyChange: 0.0000
2026/05/11 11:09:10 dailyChange: 0.0000
2026/05/11 11:09:10 dailyChange: 0.0752
2026/05/11 11:09:10 dailyChange: -0.2705
2026/05/11 11:09:10 dailyChange: -0.8438
2026/05/11 11:09:10 dailyChange: 0.0000
2026/05/11 11:09:10 dailyChange: 0.0000
2026/05/11 11:09:10 dailyChange: 0.0000
2026/05/11 11:09:10 dailyChange: 0.5318
2026/05/11 11:09:10 dailyChange: -1.0631
2026/05/11 11:09:10 dailyChange: -0.0764
2026/05/11 11:09:10 dailyChange: -0.5504
2026/05/11 11:09:10 dailyChange: 0.0000
2026/05/11 11:09:10 dailyChange: -0.2818
2026/05/11 11:09:10 dailyChange: 0.0514
2026/05/11 11:09:10 dailyChange: 0.2209
2026/05/11 11:09:10 dailyChange: -0.5381
2026/05/11 11:09:10 dailyChange: 0.0000
2026/05/11 11:09:10 dailyChange: 0.0000
2026/05/11 11:09:10 dailyChange: 0.0000
2026/05/11 11:09:10 dailyChange: 0.0000
2026/05/11 11:09:10 dailyChange: 0.0000
2026/05/11 11:09:10 dailyChange: 0.0000
2026/05/11 11:09:10 dailyChange: 0.0000
2026/05/11 11:09:10 dailyChange: 0.0000
2026/05/11 11:09:10 dailyChange: 0.0000
2026/05/11 11:09:10 dailyChange: 0.0000
